  [1m[36m (2.1ms)[0m  [1mCREATE TABLE "schema_migrations" ("version" varchar(255) NOT NULL) [0m
  [1m[35m (1.8ms)[0m  CREATE UNIQUE INDEX "unique_schema_migrations" ON "schema_migrations" ("version")
  [1m[36mActiveRecord::SchemaMigration Load (0.2ms)[0m  [1mSELECT "schema_migrations".* FROM "schema_migrations"[0m
Migrating to CreateNews (20141017202641)
  [1m[35m (0.1ms)[0m  begin transaction
  [1m[36m (2.1ms)[0m  [1mCREATE TABLE "news" ("id" INTEGER PRIMARY KEY AUTOINCREMENT NOT NULL, "title" varchar(255), "content" text, "created_at" datetime, "updated_at" datetime) [0m
  [1m[35mSQL (0.3ms)[0m  INSERT INTO "schema_migrations" ("version") VALUES (?)  [["version", "20141017202641"]]
  [1m[36m (2.6ms)[0m  [1mcommit transaction[0m
  [1m[35mActiveRecord::SchemaMigration Load (0.2ms)[0m  SELECT "schema_migrations".* FROM "schema_migrations"


Started GET "/" for 127.0.0.1 at 2014-10-17 15:28:03 -0500
  [1m[36mActiveRecord::SchemaMigration Load (0.2ms)[0m  [1mSELECT "schema_migrations".* FROM "schema_migrations"[0m

ActionController::RoutingError (uninitialized constant IndexController):
  activesupport (4.0.1) lib/active_support/inflector/methods.rb:226:in `const_get'
  activesupport (4.0.1) lib/active_support/inflector/methods.rb:226:in `block in constantize'
  activesupport (4.0.1) lib/active_support/inflector/methods.rb:224:in `each'
  activesupport (4.0.1) lib/active_support/inflector/methods.rb:224:in `inject'
  activesupport (4.0.1) lib/active_support/inflector/methods.rb:224:in `constantize'
  actionpack (4.0.1) lib/action_dispatch/routing/route_set.rb:76:in `controller_reference'
  actionpack (4.0.1) lib/action_dispatch/routing/route_set.rb:66:in `controller'
  actionpack (4.0.1) lib/action_dispatch/routing/route_set.rb:44:in `call'
  actionpack (4.0.1) lib/action_dispatch/journey/router.rb:71:in `block in call'
  actionpack (4.0.1) lib/action_dispatch/journey/router.rb:59:in `each'
  actionpack (4.0.1) lib/action_dispatch/journey/router.rb:59:in `call'
  actionpack (4.0.1) lib/action_dispatch/routing/route_set.rb:680:in `call'
  rack (1.5.2) lib/rack/etag.rb:23:in `call'
  rack (1.5.2) lib/rack/conditionalget.rb:25:in `call'
  rack (1.5.2) lib/rack/head.rb:11:in `call'
  actionpack (4.0.1) lib/action_dispatch/middleware/params_parser.rb:27:in `call'
  actionpack (4.0.1) lib/action_dispatch/middleware/flash.rb:241:in `call'
  rack (1.5.2) lib/rack/session/abstract/id.rb:225:in `context'
  rack (1.5.2) lib/rack/session/abstract/id.rb:220:in `call'
  actionpack (4.0.1) lib/action_dispatch/middleware/cookies.rb:486:in `call'
  activerecord (4.0.1) lib/active_record/query_cache.rb:36:in `call'
  activerecord (4.0.1) lib/active_record/connection_adapters/abstract/connection_pool.rb:626:in `call'
  activerecord (4.0.1) lib/active_record/migration.rb:369:in `call'
  actionpack (4.0.1) lib/action_dispatch/middleware/callbacks.rb:29:in `block in call'
  activesupport (4.0.1) lib/active_support/callbacks.rb:373:in `_run__1527350143559350415__call__callbacks'
  activesupport (4.0.1) lib/active_support/callbacks.rb:80:in `run_callbacks'
  actionpack (4.0.1) lib/action_dispatch/middleware/callbacks.rb:27:in `call'
  actionpack (4.0.1) lib/action_dispatch/middleware/reloader.rb:64:in `call'
  actionpack (4.0.1) lib/action_dispatch/middleware/remote_ip.rb:76:in `call'
  actionpack (4.0.1) lib/action_dispatch/middleware/debug_exceptions.rb:17:in `call'
  actionpack (4.0.1) lib/action_dispatch/middleware/show_exceptions.rb:30:in `call'
  railties (4.0.1) lib/rails/rack/logger.rb:38:in `call_app'
  railties (4.0.1) lib/rails/rack/logger.rb:20:in `block in call'
  activesupport (4.0.1) lib/active_support/tagged_logging.rb:67:in `block in tagged'
  activesupport (4.0.1) lib/active_support/tagged_logging.rb:25:in `tagged'
  activesupport (4.0.1) lib/active_support/tagged_logging.rb:67:in `tagged'
  railties (4.0.1) lib/rails/rack/logger.rb:20:in `call'
  actionpack (4.0.1) lib/action_dispatch/middleware/request_id.rb:21:in `call'
  rack (1.5.2) lib/rack/methodoverride.rb:21:in `call'
  rack (1.5.2) lib/rack/runtime.rb:17:in `call'
  activesupport (4.0.1) lib/active_support/cache/strategy/local_cache.rb:83:in `call'
  rack (1.5.2) lib/rack/lock.rb:17:in `call'
  actionpack (4.0.1) lib/action_dispatch/middleware/static.rb:64:in `call'
  rack (1.5.2) lib/rack/sendfile.rb:112:in `call'
  railties (4.0.1) lib/rails/engine.rb:511:in `call'
  railties (4.0.1) lib/rails/application.rb:97:in `call'
  rack (1.5.2) lib/rack/lock.rb:17:in `call'
  rack (1.5.2) lib/rack/content_length.rb:14:in `call'
  rack (1.5.2) lib/rack/handler/webrick.rb:60:in `service'
  /usr/local/rvm/rubies/ruby-2.0.0-p481/lib/ruby/2.0.0/webrick/httpserver.rb:138:in `service'
  /usr/local/rvm/rubies/ruby-2.0.0-p481/lib/ruby/2.0.0/webrick/httpserver.rb:94:in `run'
  /usr/local/rvm/rubies/ruby-2.0.0-p481/lib/ruby/2.0.0/webrick/server.rb:295:in `block in start_thread'


  Rendered /usr/local/rvm/gems/ruby-2.0.0-p481/gems/actionpack-4.0.1/lib/action_dispatch/middleware/templates/rescues/_trace.erb (2.5ms)
  Rendered /usr/local/rvm/gems/ruby-2.0.0-p481/gems/actionpack-4.0.1/lib/action_dispatch/middleware/templates/routes/_route.html.erb (2.7ms)
  Rendered /usr/local/rvm/gems/ruby-2.0.0-p481/gems/actionpack-4.0.1/lib/action_dispatch/middleware/templates/routes/_table.html.erb (42.6ms)
  Rendered /usr/local/rvm/gems/ruby-2.0.0-p481/gems/actionpack-4.0.1/lib/action_dispatch/middleware/templates/rescues/routing_error.erb within rescues/layout (91.3ms)


Started GET "/" for 127.0.0.1 at 2014-10-17 15:28:53 -0500

ActionController::RoutingError (uninitialized constant IndexController):
  activesupport (4.0.1) lib/active_support/inflector/methods.rb:226:in `const_get'
  activesupport (4.0.1) lib/active_support/inflector/methods.rb:226:in `block in constantize'
  activesupport (4.0.1) lib/active_support/inflector/methods.rb:224:in `each'
  activesupport (4.0.1) lib/active_support/inflector/methods.rb:224:in `inject'
  activesupport (4.0.1) lib/active_support/inflector/methods.rb:224:in `constantize'
  actionpack (4.0.1) lib/action_dispatch/routing/route_set.rb:76:in `controller_reference'
  actionpack (4.0.1) lib/action_dispatch/routing/route_set.rb:66:in `controller'
  actionpack (4.0.1) lib/action_dispatch/routing/route_set.rb:44:in `call'
  actionpack (4.0.1) lib/action_dispatch/journey/router.rb:71:in `block in call'
  actionpack (4.0.1) lib/action_dispatch/journey/router.rb:59:in `each'
  actionpack (4.0.1) lib/action_dispatch/journey/router.rb:59:in `call'
  actionpack (4.0.1) lib/action_dispatch/routing/route_set.rb:680:in `call'
  rack (1.5.2) lib/rack/etag.rb:23:in `call'
  rack (1.5.2) lib/rack/conditionalget.rb:25:in `call'
  rack (1.5.2) lib/rack/head.rb:11:in `call'
  actionpack (4.0.1) lib/action_dispatch/middleware/params_parser.rb:27:in `call'
  actionpack (4.0.1) lib/action_dispatch/middleware/flash.rb:241:in `call'
  rack (1.5.2) lib/rack/session/abstract/id.rb:225:in `context'
  rack (1.5.2) lib/rack/session/abstract/id.rb:220:in `call'
  actionpack (4.0.1) lib/action_dispatch/middleware/cookies.rb:486:in `call'
  activerecord (4.0.1) lib/active_record/query_cache.rb:36:in `call'
  activerecord (4.0.1) lib/active_record/connection_adapters/abstract/connection_pool.rb:626:in `call'
  activerecord (4.0.1) lib/active_record/migration.rb:369:in `call'
  actionpack (4.0.1) lib/action_dispatch/middleware/callbacks.rb:29:in `block in call'
  activesupport (4.0.1) lib/active_support/callbacks.rb:373:in `_run__1527350143559350415__call__callbacks'
  activesupport (4.0.1) lib/active_support/callbacks.rb:80:in `run_callbacks'
  actionpack (4.0.1) lib/action_dispatch/middleware/callbacks.rb:27:in `call'
  actionpack (4.0.1) lib/action_dispatch/middleware/reloader.rb:64:in `call'
  actionpack (4.0.1) lib/action_dispatch/middleware/remote_ip.rb:76:in `call'
  actionpack (4.0.1) lib/action_dispatch/middleware/debug_exceptions.rb:17:in `call'
  actionpack (4.0.1) lib/action_dispatch/middleware/show_exceptions.rb:30:in `call'
  railties (4.0.1) lib/rails/rack/logger.rb:38:in `call_app'
  railties (4.0.1) lib/rails/rack/logger.rb:20:in `block in call'
  activesupport (4.0.1) lib/active_support/tagged_logging.rb:67:in `block in tagged'
  activesupport (4.0.1) lib/active_support/tagged_logging.rb:25:in `tagged'
  activesupport (4.0.1) lib/active_support/tagged_logging.rb:67:in `tagged'
  railties (4.0.1) lib/rails/rack/logger.rb:20:in `call'
  actionpack (4.0.1) lib/action_dispatch/middleware/request_id.rb:21:in `call'
  rack (1.5.2) lib/rack/methodoverride.rb:21:in `call'
  rack (1.5.2) lib/rack/runtime.rb:17:in `call'
  activesupport (4.0.1) lib/active_support/cache/strategy/local_cache.rb:83:in `call'
  rack (1.5.2) lib/rack/lock.rb:17:in `call'
  actionpack (4.0.1) lib/action_dispatch/middleware/static.rb:64:in `call'
  rack (1.5.2) lib/rack/sendfile.rb:112:in `call'
  railties (4.0.1) lib/rails/engine.rb:511:in `call'
  railties (4.0.1) lib/rails/application.rb:97:in `call'
  rack (1.5.2) lib/rack/lock.rb:17:in `call'
  rack (1.5.2) lib/rack/content_length.rb:14:in `call'
  rack (1.5.2) lib/rack/handler/webrick.rb:60:in `service'
  /usr/local/rvm/rubies/ruby-2.0.0-p481/lib/ruby/2.0.0/webrick/httpserver.rb:138:in `service'
  /usr/local/rvm/rubies/ruby-2.0.0-p481/lib/ruby/2.0.0/webrick/httpserver.rb:94:in `run'
  /usr/local/rvm/rubies/ruby-2.0.0-p481/lib/ruby/2.0.0/webrick/server.rb:295:in `block in start_thread'


  Rendered /usr/local/rvm/gems/ruby-2.0.0-p481/gems/actionpack-4.0.1/lib/action_dispatch/middleware/templates/rescues/_trace.erb (1.8ms)
  Rendered /usr/local/rvm/gems/ruby-2.0.0-p481/gems/actionpack-4.0.1/lib/action_dispatch/middleware/templates/routes/_route.html.erb (1.7ms)
  Rendered /usr/local/rvm/gems/ruby-2.0.0-p481/gems/actionpack-4.0.1/lib/action_dispatch/middleware/templates/routes/_table.html.erb (1.6ms)
  Rendered /usr/local/rvm/gems/ruby-2.0.0-p481/gems/actionpack-4.0.1/lib/action_dispatch/middleware/templates/rescues/routing_error.erb within rescues/layout (36.3ms)


Started GET "/" for 127.0.0.1 at 2014-10-17 15:28:56 -0500

ActionController::RoutingError (uninitialized constant IndexController):
  activesupport (4.0.1) lib/active_support/inflector/methods.rb:226:in `const_get'
  activesupport (4.0.1) lib/active_support/inflector/methods.rb:226:in `block in constantize'
  activesupport (4.0.1) lib/active_support/inflector/methods.rb:224:in `each'
  activesupport (4.0.1) lib/active_support/inflector/methods.rb:224:in `inject'
  activesupport (4.0.1) lib/active_support/inflector/methods.rb:224:in `constantize'
  actionpack (4.0.1) lib/action_dispatch/routing/route_set.rb:76:in `controller_reference'
  actionpack (4.0.1) lib/action_dispatch/routing/route_set.rb:66:in `controller'
  actionpack (4.0.1) lib/action_dispatch/routing/route_set.rb:44:in `call'
  actionpack (4.0.1) lib/action_dispatch/journey/router.rb:71:in `block in call'
  actionpack (4.0.1) lib/action_dispatch/journey/router.rb:59:in `each'
  actionpack (4.0.1) lib/action_dispatch/journey/router.rb:59:in `call'
  actionpack (4.0.1) lib/action_dispatch/routing/route_set.rb:680:in `call'
  rack (1.5.2) lib/rack/etag.rb:23:in `call'
  rack (1.5.2) lib/rack/conditionalget.rb:25:in `call'
  rack (1.5.2) lib/rack/head.rb:11:in `call'
  actionpack (4.0.1) lib/action_dispatch/middleware/params_parser.rb:27:in `call'
  actionpack (4.0.1) lib/action_dispatch/middleware/flash.rb:241:in `call'
  rack (1.5.2) lib/rack/session/abstract/id.rb:225:in `context'
  rack (1.5.2) lib/rack/session/abstract/id.rb:220:in `call'
  actionpack (4.0.1) lib/action_dispatch/middleware/cookies.rb:486:in `call'
  activerecord (4.0.1) lib/active_record/query_cache.rb:36:in `call'
  activerecord (4.0.1) lib/active_record/connection_adapters/abstract/connection_pool.rb:626:in `call'
  activerecord (4.0.1) lib/active_record/migration.rb:369:in `call'
  actionpack (4.0.1) lib/action_dispatch/middleware/callbacks.rb:29:in `block in call'
  activesupport (4.0.1) lib/active_support/callbacks.rb:373:in `_run__1527350143559350415__call__callbacks'
  activesupport (4.0.1) lib/active_support/callbacks.rb:80:in `run_callbacks'
  actionpack (4.0.1) lib/action_dispatch/middleware/callbacks.rb:27:in `call'
  actionpack (4.0.1) lib/action_dispatch/middleware/reloader.rb:64:in `call'
  actionpack (4.0.1) lib/action_dispatch/middleware/remote_ip.rb:76:in `call'
  actionpack (4.0.1) lib/action_dispatch/middleware/debug_exceptions.rb:17:in `call'
  actionpack (4.0.1) lib/action_dispatch/middleware/show_exceptions.rb:30:in `call'
  railties (4.0.1) lib/rails/rack/logger.rb:38:in `call_app'
  railties (4.0.1) lib/rails/rack/logger.rb:20:in `block in call'
  activesupport (4.0.1) lib/active_support/tagged_logging.rb:67:in `block in tagged'
  activesupport (4.0.1) lib/active_support/tagged_logging.rb:25:in `tagged'
  activesupport (4.0.1) lib/active_support/tagged_logging.rb:67:in `tagged'
  railties (4.0.1) lib/rails/rack/logger.rb:20:in `call'
  actionpack (4.0.1) lib/action_dispatch/middleware/request_id.rb:21:in `call'
  rack (1.5.2) lib/rack/methodoverride.rb:21:in `call'
  rack (1.5.2) lib/rack/runtime.rb:17:in `call'
  activesupport (4.0.1) lib/active_support/cache/strategy/local_cache.rb:83:in `call'
  rack (1.5.2) lib/rack/lock.rb:17:in `call'
  actionpack (4.0.1) lib/action_dispatch/middleware/static.rb:64:in `call'
  rack (1.5.2) lib/rack/sendfile.rb:112:in `call'
  railties (4.0.1) lib/rails/engine.rb:511:in `call'
  railties (4.0.1) lib/rails/application.rb:97:in `call'
  rack (1.5.2) lib/rack/lock.rb:17:in `call'
  rack (1.5.2) lib/rack/content_length.rb:14:in `call'
  rack (1.5.2) lib/rack/handler/webrick.rb:60:in `service'
  /usr/local/rvm/rubies/ruby-2.0.0-p481/lib/ruby/2.0.0/webrick/httpserver.rb:138:in `service'
  /usr/local/rvm/rubies/ruby-2.0.0-p481/lib/ruby/2.0.0/webrick/httpserver.rb:94:in `run'
  /usr/local/rvm/rubies/ruby-2.0.0-p481/lib/ruby/2.0.0/webrick/server.rb:295:in `block in start_thread'


  Rendered /usr/local/rvm/gems/ruby-2.0.0-p481/gems/actionpack-4.0.1/lib/action_dispatch/middleware/templates/rescues/_trace.erb (1.6ms)
  Rendered /usr/local/rvm/gems/ruby-2.0.0-p481/gems/actionpack-4.0.1/lib/action_dispatch/middleware/templates/routes/_route.html.erb (1.8ms)
  Rendered /usr/local/rvm/gems/ruby-2.0.0-p481/gems/actionpack-4.0.1/lib/action_dispatch/middleware/templates/routes/_table.html.erb (1.5ms)
  Rendered /usr/local/rvm/gems/ruby-2.0.0-p481/gems/actionpack-4.0.1/lib/action_dispatch/middleware/templates/rescues/routing_error.erb within rescues/layout (34.6ms)


Started GET "/" for 127.0.0.1 at 2014-10-17 15:28:57 -0500

ActionController::RoutingError (uninitialized constant IndexController):
  activesupport (4.0.1) lib/active_support/inflector/methods.rb:226:in `const_get'
  activesupport (4.0.1) lib/active_support/inflector/methods.rb:226:in `block in constantize'
  activesupport (4.0.1) lib/active_support/inflector/methods.rb:224:in `each'
  activesupport (4.0.1) lib/active_support/inflector/methods.rb:224:in `inject'
  activesupport (4.0.1) lib/active_support/inflector/methods.rb:224:in `constantize'
  actionpack (4.0.1) lib/action_dispatch/routing/route_set.rb:76:in `controller_reference'
  actionpack (4.0.1) lib/action_dispatch/routing/route_set.rb:66:in `controller'
  actionpack (4.0.1) lib/action_dispatch/routing/route_set.rb:44:in `call'
  actionpack (4.0.1) lib/action_dispatch/journey/router.rb:71:in `block in call'
  actionpack (4.0.1) lib/action_dispatch/journey/router.rb:59:in `each'
  actionpack (4.0.1) lib/action_dispatch/journey/router.rb:59:in `call'
  actionpack (4.0.1) lib/action_dispatch/routing/route_set.rb:680:in `call'
  rack (1.5.2) lib/rack/etag.rb:23:in `call'
  rack (1.5.2) lib/rack/conditionalget.rb:25:in `call'
  rack (1.5.2) lib/rack/head.rb:11:in `call'
  actionpack (4.0.1) lib/action_dispatch/middleware/params_parser.rb:27:in `call'
  actionpack (4.0.1) lib/action_dispatch/middleware/flash.rb:241:in `call'
  rack (1.5.2) lib/rack/session/abstract/id.rb:225:in `context'
  rack (1.5.2) lib/rack/session/abstract/id.rb:220:in `call'
  actionpack (4.0.1) lib/action_dispatch/middleware/cookies.rb:486:in `call'
  activerecord (4.0.1) lib/active_record/query_cache.rb:36:in `call'
  activerecord (4.0.1) lib/active_record/connection_adapters/abstract/connection_pool.rb:626:in `call'
  activerecord (4.0.1) lib/active_record/migration.rb:369:in `call'
  actionpack (4.0.1) lib/action_dispatch/middleware/callbacks.rb:29:in `block in call'
  activesupport (4.0.1) lib/active_support/callbacks.rb:373:in `_run__1527350143559350415__call__callbacks'
  activesupport (4.0.1) lib/active_support/callbacks.rb:80:in `run_callbacks'
  actionpack (4.0.1) lib/action_dispatch/middleware/callbacks.rb:27:in `call'
  actionpack (4.0.1) lib/action_dispatch/middleware/reloader.rb:64:in `call'
  actionpack (4.0.1) lib/action_dispatch/middleware/remote_ip.rb:76:in `call'
  actionpack (4.0.1) lib/action_dispatch/middleware/debug_exceptions.rb:17:in `call'
  actionpack (4.0.1) lib/action_dispatch/middleware/show_exceptions.rb:30:in `call'
  railties (4.0.1) lib/rails/rack/logger.rb:38:in `call_app'
  railties (4.0.1) lib/rails/rack/logger.rb:20:in `block in call'
  activesupport (4.0.1) lib/active_support/tagged_logging.rb:67:in `block in tagged'
  activesupport (4.0.1) lib/active_support/tagged_logging.rb:25:in `tagged'
  activesupport (4.0.1) lib/active_support/tagged_logging.rb:67:in `tagged'
  railties (4.0.1) lib/rails/rack/logger.rb:20:in `call'
  actionpack (4.0.1) lib/action_dispatch/middleware/request_id.rb:21:in `call'
  rack (1.5.2) lib/rack/methodoverride.rb:21:in `call'
  rack (1.5.2) lib/rack/runtime.rb:17:in `call'
  activesupport (4.0.1) lib/active_support/cache/strategy/local_cache.rb:83:in `call'
  rack (1.5.2) lib/rack/lock.rb:17:in `call'
  actionpack (4.0.1) lib/action_dispatch/middleware/static.rb:64:in `call'
  rack (1.5.2) lib/rack/sendfile.rb:112:in `call'
  railties (4.0.1) lib/rails/engine.rb:511:in `call'
  railties (4.0.1) lib/rails/application.rb:97:in `call'
  rack (1.5.2) lib/rack/lock.rb:17:in `call'
  rack (1.5.2) lib/rack/content_length.rb:14:in `call'
  rack (1.5.2) lib/rack/handler/webrick.rb:60:in `service'
  /usr/local/rvm/rubies/ruby-2.0.0-p481/lib/ruby/2.0.0/webrick/httpserver.rb:138:in `service'
  /usr/local/rvm/rubies/ruby-2.0.0-p481/lib/ruby/2.0.0/webrick/httpserver.rb:94:in `run'
  /usr/local/rvm/rubies/ruby-2.0.0-p481/lib/ruby/2.0.0/webrick/server.rb:295:in `block in start_thread'


  Rendered /usr/local/rvm/gems/ruby-2.0.0-p481/gems/actionpack-4.0.1/lib/action_dispatch/middleware/templates/rescues/_trace.erb (1.6ms)
  Rendered /usr/local/rvm/gems/ruby-2.0.0-p481/gems/actionpack-4.0.1/lib/action_dispatch/middleware/templates/routes/_route.html.erb (2.0ms)
  Rendered /usr/local/rvm/gems/ruby-2.0.0-p481/gems/actionpack-4.0.1/lib/action_dispatch/middleware/templates/routes/_table.html.erb (1.8ms)
  Rendered /usr/local/rvm/gems/ruby-2.0.0-p481/gems/actionpack-4.0.1/lib/action_dispatch/middleware/templates/rescues/routing_error.erb within rescues/layout (33.5ms)


Started GET "/" for 127.0.0.1 at 2014-10-17 15:29:33 -0500
Processing by NewsController#index as HTML
Completed 500 Internal Server Error in 18ms

NameError (uninitialized constant NewsController::New):
  app/controllers/news_controller.rb:3:in `index'


  Rendered /usr/local/rvm/gems/ruby-2.0.0-p481/gems/actionpack-4.0.1/lib/action_dispatch/middleware/templates/rescues/_source.erb (1.1ms)
  Rendered /usr/local/rvm/gems/ruby-2.0.0-p481/gems/actionpack-4.0.1/lib/action_dispatch/middleware/templates/rescues/_trace.erb (1.9ms)
  Rendered /usr/local/rvm/gems/ruby-2.0.0-p481/gems/actionpack-4.0.1/lib/action_dispatch/middleware/templates/rescues/_request_and_response.erb (1.7ms)
  Rendered /usr/local/rvm/gems/ruby-2.0.0-p481/gems/actionpack-4.0.1/lib/action_dispatch/middleware/templates/rescues/diagnostics.erb within rescues/layout (26.4ms)


Started GET "/" for 127.0.0.1 at 2014-10-17 15:30:27 -0500
Processing by NewsController#index as HTML
Completed 500 Internal Server Error in 5ms

ActionView::MissingTemplate (Missing template news/index, application/index with {:locale=>[:en], :formats=>[:html], :handlers=>[:erb, :builder, :raw, :ruby, :jbuilder, :coffee]}. Searched in:
  * "/Users/marvin8214/Desktop/notaftr/app/views"
):
  actionpack (4.0.1) lib/action_view/path_set.rb:46:in `find'
  actionpack (4.0.1) lib/action_view/lookup_context.rb:115:in `find'
  actionpack (4.0.1) lib/action_view/renderer/abstract_renderer.rb:18:in `find_template'
  actionpack (4.0.1) lib/action_view/renderer/template_renderer.rb:35:in `determine_template'
  actionpack (4.0.1) lib/action_view/renderer/template_renderer.rb:8:in `render'
  actionpack (4.0.1) lib/action_view/renderer/renderer.rb:42:in `render_template'
  actionpack (4.0.1) lib/action_view/renderer/renderer.rb:23:in `render'
  actionpack (4.0.1) lib/abstract_controller/rendering.rb:127:in `_render_template'
  actionpack (4.0.1) lib/action_controller/metal/streaming.rb:219:in `_render_template'
  actionpack (4.0.1) lib/abstract_controller/rendering.rb:120:in `render_to_body'
  actionpack (4.0.1) lib/action_controller/metal/rendering.rb:33:in `render_to_body'
  actionpack (4.0.1) lib/action_controller/metal/renderers.rb:26:in `render_to_body'
  actionpack (4.0.1) lib/abstract_controller/rendering.rb:97:in `render'
  actionpack (4.0.1) lib/action_controller/metal/rendering.rb:16:in `render'
  actionpack (4.0.1) lib/action_controller/metal/instrumentation.rb:41:in `block (2 levels) in render'
  activesupport (4.0.1) lib/active_support/core_ext/benchmark.rb:12:in `block in ms'
  /usr/local/rvm/rubies/ruby-2.0.0-p481/lib/ruby/2.0.0/benchmark.rb:296:in `realtime'
  activesupport (4.0.1) lib/active_support/core_ext/benchmark.rb:12:in `ms'
  actionpack (4.0.1) lib/action_controller/metal/instrumentation.rb:41:in `block in render'
  actionpack (4.0.1) lib/action_controller/metal/instrumentation.rb:84:in `cleanup_view_runtime'
  activerecord (4.0.1) lib/active_record/railties/controller_runtime.rb:25:in `cleanup_view_runtime'
  actionpack (4.0.1) lib/action_controller/metal/instrumentation.rb:40:in `render'
  actionpack (4.0.1) lib/action_controller/metal/implicit_render.rb:10:in `default_render'
  actionpack (4.0.1) lib/action_controller/metal/implicit_render.rb:5:in `send_action'
  actionpack (4.0.1) lib/abstract_controller/base.rb:189:in `process_action'
  actionpack (4.0.1) lib/action_controller/metal/rendering.rb:10:in `process_action'
  actionpack (4.0.1) lib/abstract_controller/callbacks.rb:18:in `block in process_action'
  activesupport (4.0.1) lib/active_support/callbacks.rb:403:in `_run__3759417157793141672__process_action__callbacks'
  activesupport (4.0.1) lib/active_support/callbacks.rb:80:in `run_callbacks'
  actionpack (4.0.1) lib/abstract_controller/callbacks.rb:17:in `process_action'
  actionpack (4.0.1) lib/action_controller/metal/rescue.rb:29:in `process_action'
  actionpack (4.0.1) lib/action_controller/metal/instrumentation.rb:31:in `block in process_action'
  activesupport (4.0.1) lib/active_support/notifications.rb:159:in `block in instrument'
  activesupport (4.0.1) lib/active_support/notifications/instrumenter.rb:20:in `instrument'
  activesupport (4.0.1) lib/active_support/notifications.rb:159:in `instrument'
  actionpack (4.0.1) lib/action_controller/metal/instrumentation.rb:30:in `process_action'
  actionpack (4.0.1) lib/action_controller/metal/params_wrapper.rb:245:in `process_action'
  activerecord (4.0.1) lib/active_record/railties/controller_runtime.rb:18:in `process_action'
  actionpack (4.0.1) lib/abstract_controller/base.rb:136:in `process'
  actionpack (4.0.1) lib/abstract_controller/rendering.rb:44:in `process'
  actionpack (4.0.1) lib/action_controller/metal.rb:195:in `dispatch'
  actionpack (4.0.1) lib/action_controller/metal/rack_delegation.rb:13:in `dispatch'
  actionpack (4.0.1) lib/action_controller/metal.rb:231:in `block in action'
  actionpack (4.0.1) lib/action_dispatch/routing/route_set.rb:80:in `call'
  actionpack (4.0.1) lib/action_dispatch/routing/route_set.rb:80:in `dispatch'
  actionpack (4.0.1) lib/action_dispatch/routing/route_set.rb:48:in `call'
  actionpack (4.0.1) lib/action_dispatch/journey/router.rb:71:in `block in call'
  actionpack (4.0.1) lib/action_dispatch/journey/router.rb:59:in `each'
  actionpack (4.0.1) lib/action_dispatch/journey/router.rb:59:in `call'
  actionpack (4.0.1) lib/action_dispatch/routing/route_set.rb:680:in `call'
  rack (1.5.2) lib/rack/etag.rb:23:in `call'
  rack (1.5.2) lib/rack/conditionalget.rb:25:in `call'
  rack (1.5.2) lib/rack/head.rb:11:in `call'
  actionpack (4.0.1) lib/action_dispatch/middleware/params_parser.rb:27:in `call'
  actionpack (4.0.1) lib/action_dispatch/middleware/flash.rb:241:in `call'
  rack (1.5.2) lib/rack/session/abstract/id.rb:225:in `context'
  rack (1.5.2) lib/rack/session/abstract/id.rb:220:in `call'
  actionpack (4.0.1) lib/action_dispatch/middleware/cookies.rb:486:in `call'
  activerecord (4.0.1) lib/active_record/query_cache.rb:36:in `call'
  activerecord (4.0.1) lib/active_record/connection_adapters/abstract/connection_pool.rb:626:in `call'
  activerecord (4.0.1) lib/active_record/migration.rb:369:in `call'
  actionpack (4.0.1) lib/action_dispatch/middleware/callbacks.rb:29:in `block in call'
  activesupport (4.0.1) lib/active_support/callbacks.rb:373:in `_run__1527350143559350415__call__callbacks'
  activesupport (4.0.1) lib/active_support/callbacks.rb:80:in `run_callbacks'
  actionpack (4.0.1) lib/action_dispatch/middleware/callbacks.rb:27:in `call'
  actionpack (4.0.1) lib/action_dispatch/middleware/reloader.rb:64:in `call'
  actionpack (4.0.1) lib/action_dispatch/middleware/remote_ip.rb:76:in `call'
  actionpack (4.0.1) lib/action_dispatch/middleware/debug_exceptions.rb:17:in `call'
  actionpack (4.0.1) lib/action_dispatch/middleware/show_exceptions.rb:30:in `call'
  railties (4.0.1) lib/rails/rack/logger.rb:38:in `call_app'
  railties (4.0.1) lib/rails/rack/logger.rb:20:in `block in call'
  activesupport (4.0.1) lib/active_support/tagged_logging.rb:67:in `block in tagged'
  activesupport (4.0.1) lib/active_support/tagged_logging.rb:25:in `tagged'
  activesupport (4.0.1) lib/active_support/tagged_logging.rb:67:in `tagged'
  railties (4.0.1) lib/rails/rack/logger.rb:20:in `call'
  actionpack (4.0.1) lib/action_dispatch/middleware/request_id.rb:21:in `call'
  rack (1.5.2) lib/rack/methodoverride.rb:21:in `call'
  rack (1.5.2) lib/rack/runtime.rb:17:in `call'
  activesupport (4.0.1) lib/active_support/cache/strategy/local_cache.rb:83:in `call'
  rack (1.5.2) lib/rack/lock.rb:17:in `call'
  actionpack (4.0.1) lib/action_dispatch/middleware/static.rb:64:in `call'
  rack (1.5.2) lib/rack/sendfile.rb:112:in `call'
  railties (4.0.1) lib/rails/engine.rb:511:in `call'
  railties (4.0.1) lib/rails/application.rb:97:in `call'
  rack (1.5.2) lib/rack/lock.rb:17:in `call'
  rack (1.5.2) lib/rack/content_length.rb:14:in `call'
  rack (1.5.2) lib/rack/handler/webrick.rb:60:in `service'
  /usr/local/rvm/rubies/ruby-2.0.0-p481/lib/ruby/2.0.0/webrick/httpserver.rb:138:in `service'
  /usr/local/rvm/rubies/ruby-2.0.0-p481/lib/ruby/2.0.0/webrick/httpserver.rb:94:in `run'
  /usr/local/rvm/rubies/ruby-2.0.0-p481/lib/ruby/2.0.0/webrick/server.rb:295:in `block in start_thread'


  Rendered /usr/local/rvm/gems/ruby-2.0.0-p481/gems/actionpack-4.0.1/lib/action_dispatch/middleware/templates/rescues/missing_template.erb within rescues/layout (0.6ms)


Started GET "/" for 127.0.0.1 at 2014-10-17 15:32:04 -0500
Processing by NewsController#index as HTML
ERROR: compiling _app_views_news_index_html_erb__2967537681251556221_2170415600 RAISED /Users/marvin8214/Desktop/notaftr/app/views/news/index.html.erb:3: syntax error, unexpected '<'
    <%= new.title 
     ^
/Users/marvin8214/Desktop/notaftr/app/views/news/index.html.erb:6: syntax error, unexpected keyword_ensure, expecting keyword_end
/Users/marvin8214/Desktop/notaftr/app/views/news/index.html.erb:8: syntax error, unexpected end-of-input, expecting keyword_end
Function body:           def _app_views_news_index_html_erb__2967537681251556221_2170415600(local_assigns, output_buffer)
            _old_virtual_path, @virtual_path = @virtual_path, "news/index";_old_output_buffer = @output_buffer;;@output_buffer = output_buffer || ActionView::OutputBuffer.new;@output_buffer.safe_append='<div class="news">
';   @news.each do |new|
    <%= new.title 
     end 
@output_buffer.safe_append='</div>';@output_buffer.to_s
          ensure
            @virtual_path, @output_buffer = _old_virtual_path, _old_output_buffer
          end

Backtrace: /usr/local/rvm/gems/ruby-2.0.0-p481/gems/actionpack-4.0.1/lib/action_view/template.rb:299:in `module_eval'
/usr/local/rvm/gems/ruby-2.0.0-p481/gems/actionpack-4.0.1/lib/action_view/template.rb:299:in `compile'
/usr/local/rvm/gems/ruby-2.0.0-p481/gems/actionpack-4.0.1/lib/action_view/template.rb:248:in `block in compile!'
/usr/local/rvm/gems/ruby-2.0.0-p481/gems/actionpack-4.0.1/lib/action_view/template.rb:236:in `synchronize'
/usr/local/rvm/gems/ruby-2.0.0-p481/gems/actionpack-4.0.1/lib/action_view/template.rb:236:in `compile!'
/usr/local/rvm/gems/ruby-2.0.0-p481/gems/actionpack-4.0.1/lib/action_view/template.rb:142:in `block in render'
/usr/local/rvm/gems/ruby-2.0.0-p481/gems/activesupport-4.0.1/lib/active_support/notifications.rb:161:in `instrument'
/usr/local/rvm/gems/ruby-2.0.0-p481/gems/actionpack-4.0.1/lib/action_view/template.rb:141:in `render'
/usr/local/rvm/gems/ruby-2.0.0-p481/gems/actionpack-4.0.1/lib/action_view/renderer/template_renderer.rb:49:in `block (2 levels) in render_template'
/usr/local/rvm/gems/ruby-2.0.0-p481/gems/actionpack-4.0.1/lib/action_view/renderer/abstract_renderer.rb:38:in `block in instrument'
/usr/local/rvm/gems/ruby-2.0.0-p481/gems/activesupport-4.0.1/lib/active_support/notifications.rb:159:in `block in instrument'
/usr/local/rvm/gems/ruby-2.0.0-p481/gems/activesupport-4.0.1/lib/active_support/notifications/instrumenter.rb:20:in `instrument'
/usr/local/rvm/gems/ruby-2.0.0-p481/gems/activesupport-4.0.1/lib/active_support/notifications.rb:159:in `instrument'
/usr/local/rvm/gems/ruby-2.0.0-p481/gems/actionpack-4.0.1/lib/action_view/renderer/abstract_renderer.rb:38:in `instrument'
/usr/local/rvm/gems/ruby-2.0.0-p481/gems/actionpack-4.0.1/lib/action_view/renderer/template_renderer.rb:48:in `block in render_template'
/usr/local/rvm/gems/ruby-2.0.0-p481/gems/actionpack-4.0.1/lib/action_view/renderer/template_renderer.rb:56:in `render_with_layout'
/usr/local/rvm/gems/ruby-2.0.0-p481/gems/actionpack-4.0.1/lib/action_view/renderer/template_renderer.rb:47:in `render_template'
/usr/local/rvm/gems/ruby-2.0.0-p481/gems/actionpack-4.0.1/lib/action_view/renderer/template_renderer.rb:17:in `render'
/usr/local/rvm/gems/ruby-2.0.0-p481/gems/actionpack-4.0.1/lib/action_view/renderer/renderer.rb:42:in `render_template'
/usr/local/rvm/gems/ruby-2.0.0-p481/gems/actionpack-4.0.1/lib/action_view/renderer/renderer.rb:23:in `render'
/usr/local/rvm/gems/ruby-2.0.0-p481/gems/actionpack-4.0.1/lib/abstract_controller/rendering.rb:127:in `_render_template'
/usr/local/rvm/gems/ruby-2.0.0-p481/gems/actionpack-4.0.1/lib/action_controller/metal/streaming.rb:219:in `_render_template'
/usr/local/rvm/gems/ruby-2.0.0-p481/gems/actionpack-4.0.1/lib/abstract_controller/rendering.rb:120:in `render_to_body'
/usr/local/rvm/gems/ruby-2.0.0-p481/gems/actionpack-4.0.1/lib/action_controller/metal/rendering.rb:33:in `render_to_body'
/usr/local/rvm/gems/ruby-2.0.0-p481/gems/actionpack-4.0.1/lib/action_controller/metal/renderers.rb:26:in `render_to_body'
/usr/local/rvm/gems/ruby-2.0.0-p481/gems/actionpack-4.0.1/lib/abstract_controller/rendering.rb:97:in `render'
/usr/local/rvm/gems/ruby-2.0.0-p481/gems/actionpack-4.0.1/lib/action_controller/metal/rendering.rb:16:in `render'
/usr/local/rvm/gems/ruby-2.0.0-p481/gems/actionpack-4.0.1/lib/action_controller/metal/instrumentation.rb:41:in `block (2 levels) in render'
/usr/local/rvm/gems/ruby-2.0.0-p481/gems/activesupport-4.0.1/lib/active_support/core_ext/benchmark.rb:12:in `block in ms'
/usr/local/rvm/rubies/ruby-2.0.0-p481/lib/ruby/2.0.0/benchmark.rb:296:in `realtime'
/usr/local/rvm/gems/ruby-2.0.0-p481/gems/activesupport-4.0.1/lib/active_support/core_ext/benchmark.rb:12:in `ms'
/usr/local/rvm/gems/ruby-2.0.0-p481/gems/actionpack-4.0.1/lib/action_controller/metal/instrumentation.rb:41:in `block in render'
/usr/local/rvm/gems/ruby-2.0.0-p481/gems/actionpack-4.0.1/lib/action_controller/metal/instrumentation.rb:84:in `cleanup_view_runtime'
/usr/local/rvm/gems/ruby-2.0.0-p481/gems/activerecord-4.0.1/lib/active_record/railties/controller_runtime.rb:25:in `cleanup_view_runtime'
/usr/local/rvm/gems/ruby-2.0.0-p481/gems/actionpack-4.0.1/lib/action_controller/metal/instrumentation.rb:40:in `render'
/usr/local/rvm/gems/ruby-2.0.0-p481/gems/actionpack-4.0.1/lib/action_controller/metal/implicit_render.rb:10:in `default_render'
/usr/local/rvm/gems/ruby-2.0.0-p481/gems/actionpack-4.0.1/lib/action_controller/metal/implicit_render.rb:5:in `send_action'
/usr/local/rvm/gems/ruby-2.0.0-p481/gems/actionpack-4.0.1/lib/abstract_controller/base.rb:189:in `process_action'
/usr/local/rvm/gems/ruby-2.0.0-p481/gems/actionpack-4.0.1/lib/action_controller/metal/rendering.rb:10:in `process_action'
/usr/local/rvm/gems/ruby-2.0.0-p481/gems/actionpack-4.0.1/lib/abstract_controller/callbacks.rb:18:in `block in process_action'
/usr/local/rvm/gems/ruby-2.0.0-p481/gems/activesupport-4.0.1/lib/active_support/callbacks.rb:403:in `_run__3759417157793141672__process_action__callbacks'
/usr/local/rvm/gems/ruby-2.0.0-p481/gems/activesupport-4.0.1/lib/active_support/callbacks.rb:80:in `run_callbacks'
/usr/local/rvm/gems/ruby-2.0.0-p481/gems/actionpack-4.0.1/lib/abstract_controller/callbacks.rb:17:in `process_action'
/usr/local/rvm/gems/ruby-2.0.0-p481/gems/actionpack-4.0.1/lib/action_controller/metal/rescue.rb:29:in `process_action'
/usr/local/rvm/gems/ruby-2.0.0-p481/gems/actionpack-4.0.1/lib/action_controller/metal/instrumentation.rb:31:in `block in process_action'
/usr/local/rvm/gems/ruby-2.0.0-p481/gems/activesupport-4.0.1/lib/active_support/notifications.rb:159:in `block in instrument'
/usr/local/rvm/gems/ruby-2.0.0-p481/gems/activesupport-4.0.1/lib/active_support/notifications/instrumenter.rb:20:in `instrument'
/usr/local/rvm/gems/ruby-2.0.0-p481/gems/activesupport-4.0.1/lib/active_support/notifications.rb:159:in `instrument'
/usr/local/rvm/gems/ruby-2.0.0-p481/gems/actionpack-4.0.1/lib/action_controller/metal/instrumentation.rb:30:in `process_action'
/usr/local/rvm/gems/ruby-2.0.0-p481/gems/actionpack-4.0.1/lib/action_controller/metal/params_wrapper.rb:245:in `process_action'
/usr/local/rvm/gems/ruby-2.0.0-p481/gems/activerecord-4.0.1/lib/active_record/railties/controller_runtime.rb:18:in `process_action'
/usr/local/rvm/gems/ruby-2.0.0-p481/gems/actionpack-4.0.1/lib/abstract_controller/base.rb:136:in `process'
/usr/local/rvm/gems/ruby-2.0.0-p481/gems/actionpack-4.0.1/lib/abstract_controller/rendering.rb:44:in `process'
/usr/local/rvm/gems/ruby-2.0.0-p481/gems/actionpack-4.0.1/lib/action_controller/metal.rb:195:in `dispatch'
/usr/local/rvm/gems/ruby-2.0.0-p481/gems/actionpack-4.0.1/lib/action_controller/metal/rack_delegation.rb:13:in `dispatch'
/usr/local/rvm/gems/ruby-2.0.0-p481/gems/actionpack-4.0.1/lib/action_controller/metal.rb:231:in `block in action'
/usr/local/rvm/gems/ruby-2.0.0-p481/gems/actionpack-4.0.1/lib/action_dispatch/routing/route_set.rb:80:in `call'
/usr/local/rvm/gems/ruby-2.0.0-p481/gems/actionpack-4.0.1/lib/action_dispatch/routing/route_set.rb:80:in `dispatch'
/usr/local/rvm/gems/ruby-2.0.0-p481/gems/actionpack-4.0.1/lib/action_dispatch/routing/route_set.rb:48:in `call'
/usr/local/rvm/gems/ruby-2.0.0-p481/gems/actionpack-4.0.1/lib/action_dispatch/journey/router.rb:71:in `block in call'
/usr/local/rvm/gems/ruby-2.0.0-p481/gems/actionpack-4.0.1/lib/action_dispatch/journey/router.rb:59:in `each'
/usr/local/rvm/gems/ruby-2.0.0-p481/gems/actionpack-4.0.1/lib/action_dispatch/journey/router.rb:59:in `call'
/usr/local/rvm/gems/ruby-2.0.0-p481/gems/actionpack-4.0.1/lib/action_dispatch/routing/route_set.rb:680:in `call'
/usr/local/rvm/gems/ruby-2.0.0-p481/gems/rack-1.5.2/lib/rack/etag.rb:23:in `call'
/usr/local/rvm/gems/ruby-2.0.0-p481/gems/rack-1.5.2/lib/rack/conditionalget.rb:25:in `call'
/usr/local/rvm/gems/ruby-2.0.0-p481/gems/rack-1.5.2/lib/rack/head.rb:11:in `call'
/usr/local/rvm/gems/ruby-2.0.0-p481/gems/actionpack-4.0.1/lib/action_dispatch/middleware/params_parser.rb:27:in `call'
/usr/local/rvm/gems/ruby-2.0.0-p481/gems/actionpack-4.0.1/lib/action_dispatch/middleware/flash.rb:241:in `call'
/usr/local/rvm/gems/ruby-2.0.0-p481/gems/rack-1.5.2/lib/rack/session/abstract/id.rb:225:in `context'
/usr/local/rvm/gems/ruby-2.0.0-p481/gems/rack-1.5.2/lib/rack/session/abstract/id.rb:220:in `call'
/usr/local/rvm/gems/ruby-2.0.0-p481/gems/actionpack-4.0.1/lib/action_dispatch/middleware/cookies.rb:486:in `call'
/usr/local/rvm/gems/ruby-2.0.0-p481/gems/activerecord-4.0.1/lib/active_record/query_cache.rb:36:in `call'
/usr/local/rvm/gems/ruby-2.0.0-p481/gems/activerecord-4.0.1/lib/active_record/connection_adapters/abstract/connection_pool.rb:626:in `call'
/usr/local/rvm/gems/ruby-2.0.0-p481/gems/activerecord-4.0.1/lib/active_record/migration.rb:369:in `call'
/usr/local/rvm/gems/ruby-2.0.0-p481/gems/actionpack-4.0.1/lib/action_dispatch/middleware/callbacks.rb:29:in `block in call'
/usr/local/rvm/gems/ruby-2.0.0-p481/gems/activesupport-4.0.1/lib/active_support/callbacks.rb:373:in `_run__1527350143559350415__call__callbacks'
/usr/local/rvm/gems/ruby-2.0.0-p481/gems/activesupport-4.0.1/lib/active_support/callbacks.rb:80:in `run_callbacks'
/usr/local/rvm/gems/ruby-2.0.0-p481/gems/actionpack-4.0.1/lib/action_dispatch/middleware/callbacks.rb:27:in `call'
/usr/local/rvm/gems/ruby-2.0.0-p481/gems/actionpack-4.0.1/lib/action_dispatch/middleware/reloader.rb:64:in `call'
/usr/local/rvm/gems/ruby-2.0.0-p481/gems/actionpack-4.0.1/lib/action_dispatch/middleware/remote_ip.rb:76:in `call'
/usr/local/rvm/gems/ruby-2.0.0-p481/gems/actionpack-4.0.1/lib/action_dispatch/middleware/debug_exceptions.rb:17:in `call'
/usr/local/rvm/gems/ruby-2.0.0-p481/gems/actionpack-4.0.1/lib/action_dispatch/middleware/show_exceptions.rb:30:in `call'
/usr/local/rvm/gems/ruby-2.0.0-p481/gems/railties-4.0.1/lib/rails/rack/logger.rb:38:in `call_app'
/usr/local/rvm/gems/ruby-2.0.0-p481/gems/railties-4.0.1/lib/rails/rack/logger.rb:20:in `block in call'
/usr/local/rvm/gems/ruby-2.0.0-p481/gems/activesupport-4.0.1/lib/active_support/tagged_logging.rb:67:in `block in tagged'
/usr/local/rvm/gems/ruby-2.0.0-p481/gems/activesupport-4.0.1/lib/active_support/tagged_logging.rb:25:in `tagged'
/usr/local/rvm/gems/ruby-2.0.0-p481/gems/activesupport-4.0.1/lib/active_support/tagged_logging.rb:67:in `tagged'
/usr/local/rvm/gems/ruby-2.0.0-p481/gems/railties-4.0.1/lib/rails/rack/logger.rb:20:in `call'
/usr/local/rvm/gems/ruby-2.0.0-p481/gems/actionpack-4.0.1/lib/action_dispatch/middleware/request_id.rb:21:in `call'
/usr/local/rvm/gems/ruby-2.0.0-p481/gems/rack-1.5.2/lib/rack/methodoverride.rb:21:in `call'
/usr/local/rvm/gems/ruby-2.0.0-p481/gems/rack-1.5.2/lib/rack/runtime.rb:17:in `call'
/usr/local/rvm/gems/ruby-2.0.0-p481/gems/activesupport-4.0.1/lib/active_support/cache/strategy/local_cache.rb:83:in `call'
/usr/local/rvm/gems/ruby-2.0.0-p481/gems/rack-1.5.2/lib/rack/lock.rb:17:in `call'
/usr/local/rvm/gems/ruby-2.0.0-p481/gems/actionpack-4.0.1/lib/action_dispatch/middleware/static.rb:64:in `call'
/usr/local/rvm/gems/ruby-2.0.0-p481/gems/rack-1.5.2/lib/rack/sendfile.rb:112:in `call'
/usr/local/rvm/gems/ruby-2.0.0-p481/gems/railties-4.0.1/lib/rails/engine.rb:511:in `call'
/usr/local/rvm/gems/ruby-2.0.0-p481/gems/railties-4.0.1/lib/rails/application.rb:97:in `call'
/usr/local/rvm/gems/ruby-2.0.0-p481/gems/rack-1.5.2/lib/rack/lock.rb:17:in `call'
/usr/local/rvm/gems/ruby-2.0.0-p481/gems/rack-1.5.2/lib/rack/content_length.rb:14:in `call'
/usr/local/rvm/gems/ruby-2.0.0-p481/gems/rack-1.5.2/lib/rack/handler/webrick.rb:60:in `service'
/usr/local/rvm/rubies/ruby-2.0.0-p481/lib/ruby/2.0.0/webrick/httpserver.rb:138:in `service'
/usr/local/rvm/rubies/ruby-2.0.0-p481/lib/ruby/2.0.0/webrick/httpserver.rb:94:in `run'
/usr/local/rvm/rubies/ruby-2.0.0-p481/lib/ruby/2.0.0/webrick/server.rb:295:in `block in start_thread'
  Rendered news/index.html.erb within layouts/application (12.0ms)
Completed 500 Internal Server Error in 18ms

ActionView::Template::Error (/Users/marvin8214/Desktop/notaftr/app/views/news/index.html.erb:3: syntax error, unexpected '<'
    <%= new.title 
     ^
/Users/marvin8214/Desktop/notaftr/app/views/news/index.html.erb:6: syntax error, unexpected keyword_ensure, expecting keyword_end
/Users/marvin8214/Desktop/notaftr/app/views/news/index.html.erb:8: syntax error, unexpected end-of-input, expecting keyword_end):
    1: <div class="news">
    2:   <% @news.each do |new|
    3:     <%= new.title %>
    4:     <% end %>
    5: </div>
  actionpack (4.0.1) lib/action_view/template.rb:299:in `module_eval'
  actionpack (4.0.1) lib/action_view/template.rb:299:in `compile'
  actionpack (4.0.1) lib/action_view/template.rb:248:in `block in compile!'
  actionpack (4.0.1) lib/action_view/template.rb:236:in `synchronize'
  actionpack (4.0.1) lib/action_view/template.rb:236:in `compile!'
  actionpack (4.0.1) lib/action_view/template.rb:142:in `block in render'
  activesupport (4.0.1) lib/active_support/notifications.rb:161:in `instrument'
  actionpack (4.0.1) lib/action_view/template.rb:141:in `render'
  actionpack (4.0.1) lib/action_view/renderer/template_renderer.rb:49:in `block (2 levels) in render_template'
  actionpack (4.0.1) lib/action_view/renderer/abstract_renderer.rb:38:in `block in instrument'
  activesupport (4.0.1) lib/active_support/notifications.rb:159:in `block in instrument'
  activesupport (4.0.1) lib/active_support/notifications/instrumenter.rb:20:in `instrument'
  activesupport (4.0.1) lib/active_support/notifications.rb:159:in `instrument'
  actionpack (4.0.1) lib/action_view/renderer/abstract_renderer.rb:38:in `instrument'
  actionpack (4.0.1) lib/action_view/renderer/template_renderer.rb:48:in `block in render_template'
  actionpack (4.0.1) lib/action_view/renderer/template_renderer.rb:56:in `render_with_layout'
  actionpack (4.0.1) lib/action_view/renderer/template_renderer.rb:47:in `render_template'
  actionpack (4.0.1) lib/action_view/renderer/template_renderer.rb:17:in `render'
  actionpack (4.0.1) lib/action_view/renderer/renderer.rb:42:in `render_template'
  actionpack (4.0.1) lib/action_view/renderer/renderer.rb:23:in `render'
  actionpack (4.0.1) lib/abstract_controller/rendering.rb:127:in `_render_template'
  actionpack (4.0.1) lib/action_controller/metal/streaming.rb:219:in `_render_template'
  actionpack (4.0.1) lib/abstract_controller/rendering.rb:120:in `render_to_body'
  actionpack (4.0.1) lib/action_controller/metal/rendering.rb:33:in `render_to_body'
  actionpack (4.0.1) lib/action_controller/metal/renderers.rb:26:in `render_to_body'
  actionpack (4.0.1) lib/abstract_controller/rendering.rb:97:in `render'
  actionpack (4.0.1) lib/action_controller/metal/rendering.rb:16:in `render'
  actionpack (4.0.1) lib/action_controller/metal/instrumentation.rb:41:in `block (2 levels) in render'
  activesupport (4.0.1) lib/active_support/core_ext/benchmark.rb:12:in `block in ms'
  /usr/local/rvm/rubies/ruby-2.0.0-p481/lib/ruby/2.0.0/benchmark.rb:296:in `realtime'
  activesupport (4.0.1) lib/active_support/core_ext/benchmark.rb:12:in `ms'
  actionpack (4.0.1) lib/action_controller/metal/instrumentation.rb:41:in `block in render'
  actionpack (4.0.1) lib/action_controller/metal/instrumentation.rb:84:in `cleanup_view_runtime'
  activerecord (4.0.1) lib/active_record/railties/controller_runtime.rb:25:in `cleanup_view_runtime'
  actionpack (4.0.1) lib/action_controller/metal/instrumentation.rb:40:in `render'
  actionpack (4.0.1) lib/action_controller/metal/implicit_render.rb:10:in `default_render'
  actionpack (4.0.1) lib/action_controller/metal/implicit_render.rb:5:in `send_action'
  actionpack (4.0.1) lib/abstract_controller/base.rb:189:in `process_action'
  actionpack (4.0.1) lib/action_controller/metal/rendering.rb:10:in `process_action'
  actionpack (4.0.1) lib/abstract_controller/callbacks.rb:18:in `block in process_action'
  activesupport (4.0.1) lib/active_support/callbacks.rb:403:in `_run__3759417157793141672__process_action__callbacks'
  activesupport (4.0.1) lib/active_support/callbacks.rb:80:in `run_callbacks'
  actionpack (4.0.1) lib/abstract_controller/callbacks.rb:17:in `process_action'
  actionpack (4.0.1) lib/action_controller/metal/rescue.rb:29:in `process_action'
  actionpack (4.0.1) lib/action_controller/metal/instrumentation.rb:31:in `block in process_action'
  activesupport (4.0.1) lib/active_support/notifications.rb:159:in `block in instrument'
  activesupport (4.0.1) lib/active_support/notifications/instrumenter.rb:20:in `instrument'
  activesupport (4.0.1) lib/active_support/notifications.rb:159:in `instrument'
  actionpack (4.0.1) lib/action_controller/metal/instrumentation.rb:30:in `process_action'
  actionpack (4.0.1) lib/action_controller/metal/params_wrapper.rb:245:in `process_action'
  activerecord (4.0.1) lib/active_record/railties/controller_runtime.rb:18:in `process_action'
  actionpack (4.0.1) lib/abstract_controller/base.rb:136:in `process'
  actionpack (4.0.1) lib/abstract_controller/rendering.rb:44:in `process'
  actionpack (4.0.1) lib/action_controller/metal.rb:195:in `dispatch'
  actionpack (4.0.1) lib/action_controller/metal/rack_delegation.rb:13:in `dispatch'
  actionpack (4.0.1) lib/action_controller/metal.rb:231:in `block in action'
  actionpack (4.0.1) lib/action_dispatch/routing/route_set.rb:80:in `call'
  actionpack (4.0.1) lib/action_dispatch/routing/route_set.rb:80:in `dispatch'
  actionpack (4.0.1) lib/action_dispatch/routing/route_set.rb:48:in `call'
  actionpack (4.0.1) lib/action_dispatch/journey/router.rb:71:in `block in call'
  actionpack (4.0.1) lib/action_dispatch/journey/router.rb:59:in `each'
  actionpack (4.0.1) lib/action_dispatch/journey/router.rb:59:in `call'
  actionpack (4.0.1) lib/action_dispatch/routing/route_set.rb:680:in `call'
  rack (1.5.2) lib/rack/etag.rb:23:in `call'
  rack (1.5.2) lib/rack/conditionalget.rb:25:in `call'
  rack (1.5.2) lib/rack/head.rb:11:in `call'
  actionpack (4.0.1) lib/action_dispatch/middleware/params_parser.rb:27:in `call'
  actionpack (4.0.1) lib/action_dispatch/middleware/flash.rb:241:in `call'
  rack (1.5.2) lib/rack/session/abstract/id.rb:225:in `context'
  rack (1.5.2) lib/rack/session/abstract/id.rb:220:in `call'
  actionpack (4.0.1) lib/action_dispatch/middleware/cookies.rb:486:in `call'
  activerecord (4.0.1) lib/active_record/query_cache.rb:36:in `call'
  activerecord (4.0.1) lib/active_record/connection_adapters/abstract/connection_pool.rb:626:in `call'
  activerecord (4.0.1) lib/active_record/migration.rb:369:in `call'
  actionpack (4.0.1) lib/action_dispatch/middleware/callbacks.rb:29:in `block in call'
  activesupport (4.0.1) lib/active_support/callbacks.rb:373:in `_run__1527350143559350415__call__callbacks'
  activesupport (4.0.1) lib/active_support/callbacks.rb:80:in `run_callbacks'
  actionpack (4.0.1) lib/action_dispatch/middleware/callbacks.rb:27:in `call'
  actionpack (4.0.1) lib/action_dispatch/middleware/reloader.rb:64:in `call'
  actionpack (4.0.1) lib/action_dispatch/middleware/remote_ip.rb:76:in `call'
  actionpack (4.0.1) lib/action_dispatch/middleware/debug_exceptions.rb:17:in `call'
  actionpack (4.0.1) lib/action_dispatch/middleware/show_exceptions.rb:30:in `call'
  railties (4.0.1) lib/rails/rack/logger.rb:38:in `call_app'
  railties (4.0.1) lib/rails/rack/logger.rb:20:in `block in call'
  activesupport (4.0.1) lib/active_support/tagged_logging.rb:67:in `block in tagged'
  activesupport (4.0.1) lib/active_support/tagged_logging.rb:25:in `tagged'
  activesupport (4.0.1) lib/active_support/tagged_logging.rb:67:in `tagged'
  railties (4.0.1) lib/rails/rack/logger.rb:20:in `call'
  actionpack (4.0.1) lib/action_dispatch/middleware/request_id.rb:21:in `call'
  rack (1.5.2) lib/rack/methodoverride.rb:21:in `call'
  rack (1.5.2) lib/rack/runtime.rb:17:in `call'
  activesupport (4.0.1) lib/active_support/cache/strategy/local_cache.rb:83:in `call'
  rack (1.5.2) lib/rack/lock.rb:17:in `call'
  actionpack (4.0.1) lib/action_dispatch/middleware/static.rb:64:in `call'
  rack (1.5.2) lib/rack/sendfile.rb:112:in `call'
  railties (4.0.1) lib/rails/engine.rb:511:in `call'
  railties (4.0.1) lib/rails/application.rb:97:in `call'
  rack (1.5.2) lib/rack/lock.rb:17:in `call'
  rack (1.5.2) lib/rack/content_length.rb:14:in `call'
  rack (1.5.2) lib/rack/handler/webrick.rb:60:in `service'
  /usr/local/rvm/rubies/ruby-2.0.0-p481/lib/ruby/2.0.0/webrick/httpserver.rb:138:in `service'
  /usr/local/rvm/rubies/ruby-2.0.0-p481/lib/ruby/2.0.0/webrick/httpserver.rb:94:in `run'
  /usr/local/rvm/rubies/ruby-2.0.0-p481/lib/ruby/2.0.0/webrick/server.rb:295:in `block in start_thread'


  Rendered /usr/local/rvm/gems/ruby-2.0.0-p481/gems/actionpack-4.0.1/lib/action_dispatch/middleware/templates/rescues/_trace.erb (1.9ms)
  Rendered /usr/local/rvm/gems/ruby-2.0.0-p481/gems/actionpack-4.0.1/lib/action_dispatch/middleware/templates/rescues/_request_and_response.erb (2.9ms)
  Rendered /usr/local/rvm/gems/ruby-2.0.0-p481/gems/actionpack-4.0.1/lib/action_dispatch/middleware/templates/rescues/template_error.erb within rescues/layout (19.6ms)


Started GET "/" for 127.0.0.1 at 2014-10-17 15:32:16 -0500
Processing by NewsController#index as HTML
  [1m[35mNew Load (1.9ms)[0m  SELECT "news".* FROM "news"
  Rendered news/index.html.erb within layouts/application (3.2ms)
Completed 200 OK in 1420ms (Views: 1416.9ms | ActiveRecord: 1.9ms)


Started GET "/assets/application.css?body=1" for 127.0.0.1 at 2014-10-17 15:32:18 -0500


Started GET "/assets/jquery.js?body=1" for 127.0.0.1 at 2014-10-17 15:32:18 -0500


Started GET "/assets/turbolinks.js?body=1" for 127.0.0.1 at 2014-10-17 15:32:18 -0500


Started GET "/assets/jquery_ujs.js?body=1" for 127.0.0.1 at 2014-10-17 15:32:18 -0500


Started GET "/assets/application.js?body=1" for 127.0.0.1 at 2014-10-17 15:32:18 -0500
